{"level":"info","message":"select user.first_name, user.last_name, user.company, user.country_code, country.country from user, country where user.country_code = country.country_code order by user.user_id","timestamp":"2017-12-10T06:41:24.677Z"}
{"level":"info","message":"select user.first_name, user.last_name, user.company, stock.stock_sector, stock.stock_symbol, stock.stock_market_cap from user, stock where user.company = stock.company and stock.stock_sector in ('Technology', 'Finance')","timestamp":"2017-12-10T06:41:24.841Z"}
{"level":"info","message":"select country.country, user.gender, count(*) from user, country where user.country_code = country.country_code group by country.country, user.gender order by user.country_code","timestamp":"2017-12-10T06:41:24.846Z"}
{"level":"info","message":"select user.first_name, user.last_name, user.company, company.street_number, company.street_name, company.city, company.state, company.country from user, company where user.company = company.company order by user.user_id","timestamp":"2017-12-10T06:41:24.849Z"}
{"level":"info","message":"select user.user_id, user.first_name, user.last_name, user.addressId, address.street_name, address.city, address.state from user, address where user.addressId = address.addressId order by user.user_id","timestamp":"2017-12-10T06:41:24.851Z"}
{"level":"info","message":"select user.first_name, user.last_name, user.company, user.country_code, country.country from user, country where user.country_code = country.country_code order by user.user_id","timestamp":"2017-12-10T06:48:24.764Z"}
{"level":"info","message":"select user.first_name, user.last_name, user.company, stock.stock_sector, stock.stock_symbol, stock.stock_market_cap from user, stock where user.company = stock.company and stock.stock_sector in ('Technology', 'Finance')","timestamp":"2017-12-10T06:48:24.927Z"}
{"level":"info","message":"select country.country, user.gender, count(*) from user, country where user.country_code = country.country_code group by country.country, user.gender order by user.country_code","timestamp":"2017-12-10T06:48:24.932Z"}
{"level":"info","message":"select user.first_name, user.last_name, user.company, company.street_number, company.street_name, company.city, company.state, company.country from user, company where user.company = company.company order by user.user_id","timestamp":"2017-12-10T06:48:24.933Z"}
{"level":"info","message":"select user.user_id, user.first_name, user.last_name, user.addressId, address.street_name, address.city, address.state from user, address where user.addressId = address.addressId order by user.user_id","timestamp":"2017-12-10T06:48:24.952Z"}
{"level":"info","message":"select user.first_name, user.last_name, user.company, user.country_code, country.country from user, country where user.country_code = country.country_code order by user.user_id","timestamp":"2017-12-10T06:57:11.487Z"}
{"level":"info","message":"select user.first_name, user.last_name, user.company, stock.stock_sector, stock.stock_symbol, stock.stock_market_cap from user, stock where user.company = stock.company and stock.stock_sector in ('Technology', 'Finance')","timestamp":"2017-12-10T06:57:11.694Z"}
{"level":"info","message":"select country.country, user.gender, count(*) from user, country where user.country_code = country.country_code group by country.country, user.gender order by user.country_code","timestamp":"2017-12-10T06:57:11.699Z"}
{"level":"info","message":"select user.first_name, user.last_name, user.company, company.street_number, company.street_name, company.city, company.state, company.country from user, company where user.company = company.company order by user.user_id","timestamp":"2017-12-10T06:57:11.703Z"}
{"level":"info","message":"select user.user_id, user.first_name, user.last_name, user.addressId, address.street_name, address.city, address.state from user, address where user.addressId = address.addressId order by user.user_id","timestamp":"2017-12-10T06:57:11.705Z"}
{"level":"info","message":"select user.first_name, user.last_name, user.company, user.country_code, country.country from user, country where user.country_code = country.country_code order by user.user_id","timestamp":"2017-12-10T06:59:43.624Z"}
{"level":"info","message":"select user.first_name, user.last_name, user.company, stock.stock_sector, stock.stock_symbol, stock.stock_market_cap from user, stock where user.company = stock.company and stock.stock_sector in ('Technology', 'Finance')","timestamp":"2017-12-10T06:59:43.628Z"}
{"level":"info","message":"select country.country, user.gender, count(*) from user, country where user.country_code = country.country_code group by country.country, user.gender order by user.country_code","timestamp":"2017-12-10T06:59:43.631Z"}
{"level":"info","message":"select user.first_name, user.last_name, user.company, company.street_number, company.street_name, company.city, company.state, company.country from user, company where user.company = company.company order by user.user_id","timestamp":"2017-12-10T06:59:43.634Z"}
{"level":"info","message":"select user.user_id, user.first_name, user.last_name, user.addressId, address.street_name, address.city, address.state from user, address where user.addressId = address.addressId order by user.user_id","timestamp":"2017-12-10T06:59:43.635Z"}
{"level":"info","message":"select user.first_name, user.last_name, user.company, user.country_code, country.country from user, country where user.country_code = country.country_code order by user.user_id","timestamp":"2017-12-10T07:06:12.289Z"}
{"level":"info","message":"select user.first_name, user.last_name, user.company, stock.stock_sector, stock.stock_symbol, stock.stock_market_cap from user, stock where user.company = stock.company and stock.stock_sector in ('Technology', 'Finance')","timestamp":"2017-12-10T07:06:12.297Z"}
{"level":"info","message":"select country.country, user.gender, count(*) from user, country where user.country_code = country.country_code group by country.country, user.gender order by user.country_code","timestamp":"2017-12-10T07:06:12.319Z"}
{"level":"info","message":"select user.first_name, user.last_name, user.company, company.street_number, company.street_name, company.city, company.state, company.country from user, company where user.company = company.company order by user.user_id","timestamp":"2017-12-10T07:06:12.320Z"}
{"level":"info","message":"select user.user_id, user.first_name, user.last_name, user.addressId, address.street_name, address.city, address.state from user, address where user.addressId = address.addressId order by user.user_id","timestamp":"2017-12-10T07:06:12.323Z"}
{"level":"info","message":"select user.first_name, user.last_name, user.company, user.country_code, country.country from user, country where user.country_code = country.country_code order by user.user_id","timestamp":"2017-12-10T07:07:23.106Z"}
{"level":"info","message":"select user.first_name, user.last_name, user.company, stock.stock_sector, stock.stock_symbol, stock.stock_market_cap from user, stock where user.company = stock.company and stock.stock_sector in ('Technology', 'Finance')","timestamp":"2017-12-10T07:07:23.259Z"}
{"level":"info","message":"select country.country, user.gender, count(*) from user, country where user.country_code = country.country_code group by country.country, user.gender order by user.country_code","timestamp":"2017-12-10T07:07:23.264Z"}
{"level":"info","message":"select user.first_name, user.last_name, user.company, company.street_number, company.street_name, company.city, company.state, company.country from user, company where user.company = company.company order by user.user_id","timestamp":"2017-12-10T07:07:23.272Z"}
{"level":"info","message":"select user.user_id, user.first_name, user.last_name, user.addressId, address.street_name, address.city, address.state from user, address where user.addressId = address.addressId order by user.user_id","timestamp":"2017-12-10T07:07:23.273Z"}
{"level":"info","message":"select user.first_name, user.last_name, user.company, user.country_code, country.country from user, country where user.country_code = country.country_code order by user.user_id","timestamp":"2017-12-10T07:10:46.344Z"}
{"level":"info","message":"select user.first_name, user.last_name, user.company, stock.stock_sector, stock.stock_symbol, stock.stock_market_cap from user, stock where user.company = stock.company and stock.stock_sector in ('Technology', 'Finance')","timestamp":"2017-12-10T07:10:46.539Z"}
{"level":"info","message":"select country.country, user.gender, count(*) from user, country where user.country_code = country.country_code group by country.country, user.gender order by user.country_code","timestamp":"2017-12-10T07:10:46.569Z"}
{"level":"info","message":"select user.first_name, user.last_name, user.company, company.street_number, company.street_name, company.city, company.state, company.country from user, company where user.company = company.company order by user.user_id","timestamp":"2017-12-10T07:10:46.571Z"}
{"level":"info","message":"select user.user_id, user.first_name, user.last_name, user.addressId, address.street_name, address.city, address.state from user, address where user.addressId = address.addressId order by user.user_id","timestamp":"2017-12-10T07:10:46.573Z"}
{"level":"info","message":"select user.first_name, user.last_name, user.company, user.country_code, country.country from user, country where user.country_code = country.country_code order by user.user_id","timestamp":"2017-12-10T07:11:35.440Z"}
{"level":"info","message":"select user.first_name, user.last_name, user.company, stock.stock_sector, stock.stock_symbol, stock.stock_market_cap from user, stock where user.company = stock.company and stock.stock_sector in ('Technology', 'Finance')","timestamp":"2017-12-10T07:11:35.464Z"}
{"level":"info","message":"select country.country, user.gender, count(*) from user, country where user.country_code = country.country_code group by country.country, user.gender order by user.country_code","timestamp":"2017-12-10T07:11:35.465Z"}
{"level":"info","message":"select user.first_name, user.last_name, user.company, company.street_number, company.street_name, company.city, company.state, company.country from user, company where user.company = company.company order by user.user_id","timestamp":"2017-12-10T07:11:35.468Z"}
{"level":"info","message":"select user.user_id, user.first_name, user.last_name, user.addressId, address.street_name, address.city, address.state from user, address where user.addressId = address.addressId order by user.user_id","timestamp":"2017-12-10T07:11:35.473Z"}
{"level":"info","message":"select user.first_name, user.last_name, user.company, user.country_code, country.country from user, country where user.country_code = country.country_code order by user.user_id","timestamp":"2017-12-10T07:13:54.341Z"}
{"level":"info","message":"select user.first_name, user.last_name, user.company, stock.stock_sector, stock.stock_symbol, stock.stock_market_cap from user, stock where user.company = stock.company and stock.stock_sector in ('Technology', 'Finance')","timestamp":"2017-12-10T07:13:54.374Z"}
{"level":"info","message":"select country.country, user.gender, count(*) from user, country where user.country_code = country.country_code group by country.country, user.gender order by user.country_code","timestamp":"2017-12-10T07:13:54.377Z"}
{"level":"info","message":"select user.first_name, user.last_name, user.company, company.street_number, company.street_name, company.city, company.state, company.country from user, company where user.company = company.company order by user.user_id","timestamp":"2017-12-10T07:13:54.379Z"}
{"level":"info","message":"select user.user_id, user.first_name, user.last_name, user.addressId, address.street_name, address.city, address.state from user, address where user.addressId = address.addressId order by user.user_id","timestamp":"2017-12-10T07:13:54.380Z"}
{"level":"info","message":"select user.first_name, user.last_name, user.company, user.country_code, country.country from user, country where user.country_code = country.country_code order by user.user_id","timestamp":"2017-12-10T07:15:22.194Z"}
{"level":"info","message":"select user.first_name, user.last_name, user.company, stock.stock_sector, stock.stock_symbol, stock.stock_market_cap from user, stock where user.company = stock.company and stock.stock_sector in ('Technology', 'Finance')","timestamp":"2017-12-10T07:15:22.207Z"}
{"level":"info","message":"select country.country, user.gender, count(*) from user, country where user.country_code = country.country_code group by country.country, user.gender order by user.country_code","timestamp":"2017-12-10T07:15:22.229Z"}
{"level":"info","message":"select user.first_name, user.last_name, user.company, company.street_number, company.street_name, company.city, company.state, company.country from user, company where user.company = company.company order by user.user_id","timestamp":"2017-12-10T07:15:22.230Z"}
{"level":"info","message":"select user.user_id, user.first_name, user.last_name, user.addressId, address.street_name, address.city, address.state from user, address where user.addressId = address.addressId order by user.user_id","timestamp":"2017-12-10T07:15:22.231Z"}
{"level":"info","message":"select user.first_name, user.last_name, user.company, user.country_code, country.country from user, country where user.country_code = country.country_code order by user.user_id","timestamp":"2017-12-10T07:18:51.293Z"}
{"level":"info","message":"select user.first_name, user.last_name, user.company, stock.stock_sector, stock.stock_symbol, stock.stock_market_cap from user, stock where user.company = stock.company and stock.stock_sector in ('Technology', 'Finance')","timestamp":"2017-12-10T07:18:51.299Z"}
{"level":"info","message":"select country.country, user.gender, count(*) from user, country where user.country_code = country.country_code group by country.country, user.gender order by user.country_code","timestamp":"2017-12-10T07:18:51.302Z"}
{"level":"info","message":"select user.first_name, user.last_name, user.company, company.street_number, company.street_name, company.city, company.state, company.country from user, company where user.company = company.company order by user.user_id","timestamp":"2017-12-10T07:18:51.304Z"}
{"level":"info","message":"select user.user_id, user.first_name, user.last_name, user.addressId, address.street_name, address.city, address.state from user, address where user.addressId = address.addressId order by user.user_id","timestamp":"2017-12-10T07:18:51.306Z"}
{"level":"info","message":"select user.first_name, user.last_name, user.company, user.country_code, country.country from user, country where user.country_code = country.country_code order by user.user_id","timestamp":"2017-12-10T07:20:52.185Z"}
{"level":"info","message":"select user.first_name, user.last_name, user.company, stock.stock_sector, stock.stock_symbol, stock.stock_market_cap from user, stock where user.company = stock.company and stock.stock_sector in ('Technology', 'Finance')","timestamp":"2017-12-10T07:20:52.216Z"}
{"level":"info","message":"select country.country, user.gender, count(*) from user, country where user.country_code = country.country_code group by country.country, user.gender order by user.country_code","timestamp":"2017-12-10T07:20:52.218Z"}
{"level":"info","message":"select user.first_name, user.last_name, user.company, company.street_number, company.street_name, company.city, company.state, company.country from user, company where user.company = company.company order by user.user_id","timestamp":"2017-12-10T07:20:52.219Z"}
{"level":"info","message":"select user.user_id, user.first_name, user.last_name, user.addressId, address.street_name, address.city, address.state from user, address where user.addressId = address.addressId order by user.user_id","timestamp":"2017-12-10T07:20:52.221Z"}
{"level":"info","message":"select user.first_name, user.last_name, user.company, user.country_code, country.country from user, country where user.country_code = country.country_code order by user.user_id","timestamp":"2017-12-10T07:23:21.427Z"}
{"level":"info","message":"select user.first_name, user.last_name, user.company, stock.stock_sector, stock.stock_symbol, stock.stock_market_cap from user, stock where user.company = stock.company and stock.stock_sector in ('Technology', 'Finance')","timestamp":"2017-12-10T07:23:21.456Z"}
{"level":"info","message":"select country.country, user.gender, count(*) from user, country where user.country_code = country.country_code group by country.country, user.gender order by user.country_code","timestamp":"2017-12-10T07:23:21.458Z"}
{"level":"info","message":"select user.first_name, user.last_name, user.company, company.street_number, company.street_name, company.city, company.state, company.country from user, company where user.company = company.company order by user.user_id","timestamp":"2017-12-10T07:23:21.460Z"}
{"level":"info","message":"select user.user_id, user.first_name, user.last_name, user.addressId, address.street_name, address.city, address.state from user, address where user.addressId = address.addressId order by user.user_id","timestamp":"2017-12-10T07:23:21.461Z"}
{"level":"info","message":"select user.first_name, user.last_name, user.company, user.country_code, country.country from user, country where user.country_code = country.country_code order by user.user_id","timestamp":"2017-12-10T09:09:14.096Z"}
{"level":"info","message":"select user.first_name, user.last_name, user.company, stock.stock_sector, stock.stock_symbol, stock.stock_market_cap from user, stock where user.company = stock.company and stock.stock_sector in ('Technology', 'Finance')","timestamp":"2017-12-10T09:09:14.965Z"}
{"level":"info","message":"select country.country, user.gender, count(*) from user, country where user.country_code = country.country_code group by country.country, user.gender order by user.country_code","timestamp":"2017-12-10T09:09:14.967Z"}
{"level":"info","message":"select user.first_name, user.last_name, user.company, company.street_number, company.street_name, company.city, company.state, company.country from user, company where user.company = company.company order by user.user_id","timestamp":"2017-12-10T09:09:14.970Z"}
{"level":"info","message":"select user.user_id, user.first_name, user.last_name, user.addressId, address.street_name, address.city, address.state from user, address where user.addressId = address.addressId order by user.user_id","timestamp":"2017-12-10T09:09:14.971Z"}
{"level":"info","message":"select user.first_name, user.last_name, user.company, user.country_code, country.country from user, country where user.country_code = country.country_code order by user.user_id","timestamp":"2017-12-10T09:16:23.736Z"}
{"level":"info","message":"select user.first_name, user.last_name, user.company, stock.stock_sector, stock.stock_symbol, stock.stock_market_cap from user, stock where user.company = stock.company and stock.stock_sector in ('Technology', 'Finance')","timestamp":"2017-12-10T09:16:23.740Z"}
{"level":"info","message":"select country.country, user.gender, count(*) from user, country where user.country_code = country.country_code group by country.country, user.gender order by user.country_code","timestamp":"2017-12-10T09:16:23.742Z"}
{"level":"info","message":"select user.first_name, user.last_name, user.company, company.street_number, company.street_name, company.city, company.state, company.country from user, company where user.company = company.company order by user.user_id","timestamp":"2017-12-10T09:16:23.750Z"}
{"level":"info","message":"select user.user_id, user.first_name, user.last_name, user.addressId, address.street_name, address.city, address.state from user, address where user.addressId = address.addressId order by user.user_id","timestamp":"2017-12-10T09:16:23.764Z"}
{"level":"info","message":"select user.first_name, user.last_name, user.company, user.country_code, country.country from user, country where user.country_code = country.country_code order by user.user_id","timestamp":"2017-12-10T09:18:57.251Z"}
{"level":"info","message":"select user.first_name, user.last_name, user.company, stock.stock_sector, stock.stock_symbol, stock.stock_market_cap from user, stock where user.company = stock.company and stock.stock_sector in ('Technology', 'Finance')","timestamp":"2017-12-10T09:18:57.256Z"}
{"level":"info","message":"select country.country, user.gender, count(*) from user, country where user.country_code = country.country_code group by country.country, user.gender order by user.country_code","timestamp":"2017-12-10T09:18:57.275Z"}
{"level":"info","message":"select user.first_name, user.last_name, user.company, company.street_number, company.street_name, company.city, company.state, company.country from user, company where user.company = company.company order by user.user_id","timestamp":"2017-12-10T09:18:57.276Z"}
{"level":"info","message":"select user.user_id, user.first_name, user.last_name, user.addressId, address.street_name, address.city, address.state from user, address where user.addressId = address.addressId order by user.user_id","timestamp":"2017-12-10T09:18:57.278Z"}
{"level":"info","message":"select user.first_name, user.last_name, user.company, user.country_code, country.country from user, country where user.country_code = country.country_code order by user.user_id","timestamp":"2017-12-10T09:20:32.107Z"}
{"level":"info","message":"select user.first_name, user.last_name, user.company, stock.stock_sector, stock.stock_symbol, stock.stock_market_cap from user, stock where user.company = stock.company and stock.stock_sector in ('Technology', 'Finance')","timestamp":"2017-12-10T09:20:32.117Z"}
{"level":"info","message":"select country.country, user.gender, count(*) from user, country where user.country_code = country.country_code group by country.country, user.gender order by user.country_code","timestamp":"2017-12-10T09:20:32.126Z"}
{"level":"info","message":"select user.first_name, user.last_name, user.company, company.street_number, company.street_name, company.city, company.state, company.country from user, company where user.company = company.company order by user.user_id","timestamp":"2017-12-10T09:20:32.135Z"}
{"level":"info","message":"select user.user_id, user.first_name, user.last_name, user.addressId, address.street_name, address.city, address.state from user, address where user.addressId = address.addressId order by user.user_id","timestamp":"2017-12-10T09:20:32.136Z"}
